2025/05/21 16:56:02 [notice] 1#1: using the "epoll" event method
2025/05/21 16:56:02 [notice] 1#1: nginx/1.27.5
2025/05/21 16:56:02 [notice] 1#1: built by gcc 12.2.0 (Debian 12.2.0-14) 
2025/05/21 16:56:02 [notice] 1#1: OS: Linux 6.11.0-26-generic
2025/05/21 16:56:02 [notice] 1#1: getrlimit(RLIMIT_NOFILE): 1048576:1048576
2025/05/21 16:56:02 [notice] 1#1: start worker processes
2025/05/21 16:56:02 [notice] 1#1: start worker process 28
2025/05/21 16:56:02 [notice] 1#1: start worker process 29
2025/05/21 16:56:02 [notice] 1#1: start worker process 30
2025/05/21 16:56:02 [notice] 1#1: start worker process 31
2025/05/21 16:56:02 [notice] 1#1: start worker process 32
2025/05/21 16:56:02 [notice] 1#1: start worker process 33
2025/05/21 16:56:02 [notice] 1#1: start worker process 34
2025/05/21 16:56:02 [notice] 1#1: start worker process 35
2025/05/21 17:40:36 [notice] 1#1: signal 3 (SIGQUIT) received, shutting down
2025/05/21 17:40:36 [notice] 28#28: gracefully shutting down
2025/05/21 17:40:36 [notice] 29#29: gracefully shutting down
2025/05/21 17:40:36 [notice] 34#34: gracefully shutting down
2025/05/21 17:40:36 [notice] 34#34: exiting
2025/05/21 17:40:36 [notice] 35#35: gracefully shutting down
2025/05/21 17:40:36 [notice] 35#35: exiting
2025/05/21 17:40:36 [notice] 33#33: gracefully shutting down
2025/05/21 17:40:36 [notice] 33#33: exiting
2025/05/21 17:40:36 [notice] 32#32: gracefully shutting down
2025/05/21 17:40:36 [notice] 30#30: gracefully shutting down
2025/05/21 17:40:36 [notice] 28#28: exiting
2025/05/21 17:40:36 [notice] 29#29: exiting
2025/05/21 17:40:36 [notice] 31#31: gracefully shutting down
2025/05/21 17:40:36 [notice] 30#30: exiting
2025/05/21 17:40:36 [notice] 32#32: exiting
2025/05/21 17:40:36 [notice] 35#35: exit
2025/05/21 17:40:36 [notice] 29#29: exit
2025/05/21 17:40:36 [notice] 28#28: exit
2025/05/21 17:40:36 [notice] 33#33: exit
2025/05/21 17:40:36 [notice] 30#30: exit
2025/05/21 17:40:36 [notice] 34#34: exit
2025/05/21 17:40:36 [notice] 32#32: exit
2025/05/21 17:40:36 [notice] 31#31: exiting
2025/05/21 17:40:36 [notice] 31#31: exit
2025/05/21 17:40:36 [notice] 1#1: signal 17 (SIGCHLD) received from 33
2025/05/21 17:40:36 [notice] 1#1: worker process 28 exited with code 0
2025/05/21 17:40:36 [notice] 1#1: worker process 29 exited with code 0
2025/05/21 17:40:36 [notice] 1#1: worker process 31 exited with code 0
2025/05/21 17:40:36 [notice] 1#1: worker process 33 exited with code 0
2025/05/21 17:40:36 [notice] 1#1: signal 29 (SIGIO) received
2025/05/21 17:40:36 [notice] 1#1: signal 17 (SIGCHLD) received from 29
2025/05/21 17:40:36 [notice] 1#1: signal 17 (SIGCHLD) received from 34
2025/05/21 17:40:36 [notice] 1#1: worker process 34 exited with code 0
2025/05/21 17:40:36 [notice] 1#1: signal 29 (SIGIO) received
2025/05/21 17:40:36 [notice] 1#1: signal 17 (SIGCHLD) received from 32
2025/05/21 17:40:36 [notice] 1#1: worker process 32 exited with code 0
2025/05/21 17:40:36 [notice] 1#1: worker process 35 exited with code 0
2025/05/21 17:40:36 [notice] 1#1: signal 17 (SIGCHLD) received from 30
2025/05/21 17:40:36 [notice] 1#1: worker process 30 exited with code 0
2025/05/21 17:40:36 [notice] 1#1: exit
2025/05/21 17:40:38 [notice] 1#1: using the "epoll" event method
2025/05/21 17:40:38 [notice] 1#1: nginx/1.27.5
2025/05/21 17:40:38 [notice] 1#1: built by gcc 12.2.0 (Debian 12.2.0-14) 
2025/05/21 17:40:38 [notice] 1#1: OS: Linux 6.11.0-26-generic
2025/05/21 17:40:38 [notice] 1#1: getrlimit(RLIMIT_NOFILE): 1048576:1048576
2025/05/21 17:40:38 [notice] 1#1: start worker processes
2025/05/21 17:40:38 [notice] 1#1: start worker process 28
2025/05/21 17:40:38 [notice] 1#1: start worker process 29
2025/05/21 17:40:38 [notice] 1#1: start worker process 30
2025/05/21 17:40:38 [notice] 1#1: start worker process 31
2025/05/21 17:40:38 [notice] 1#1: start worker process 32
2025/05/21 17:40:38 [notice] 1#1: start worker process 33
2025/05/21 17:40:38 [notice] 1#1: start worker process 34
2025/05/21 17:40:38 [notice] 1#1: start worker process 35
2025/05/21 18:01:45 [notice] 1#1: signal 3 (SIGQUIT) received, shutting down
2025/05/21 18:01:45 [notice] 34#34: gracefully shutting down
2025/05/21 18:01:45 [notice] 35#35: gracefully shutting down
2025/05/21 18:01:45 [notice] 35#35: exiting
2025/05/21 18:01:45 [notice] 34#34: exiting
2025/05/21 18:01:45 [notice] 33#33: gracefully shutting down
2025/05/21 18:01:45 [notice] 33#33: exiting
2025/05/21 18:01:45 [notice] 31#31: gracefully shutting down
2025/05/21 18:01:45 [notice] 32#32: gracefully shutting down
2025/05/21 18:01:45 [notice] 29#29: gracefully shutting down
2025/05/21 18:01:45 [notice] 28#28: gracefully shutting down
2025/05/21 18:01:45 [notice] 32#32: exiting
2025/05/21 18:01:45 [notice] 29#29: exiting
2025/05/21 18:01:45 [notice] 33#33: exit
2025/05/21 18:01:45 [notice] 32#32: exit
2025/05/21 18:01:45 [notice] 30#30: gracefully shutting down
2025/05/21 18:01:45 [notice] 34#34: exit
2025/05/21 18:01:45 [notice] 35#35: exit
2025/05/21 18:01:45 [notice] 31#31: exiting
2025/05/21 18:01:45 [notice] 29#29: exit
2025/05/21 18:01:45 [notice] 28#28: exiting
2025/05/21 18:01:45 [notice] 31#31: exit
2025/05/21 18:01:45 [notice] 28#28: exit
2025/05/21 18:01:45 [notice] 30#30: exiting
2025/05/21 18:01:45 [notice] 30#30: exit
2025/05/21 18:01:45 [notice] 1#1: signal 17 (SIGCHLD) received from 29
2025/05/21 18:01:45 [notice] 1#1: worker process 28 exited with code 0
2025/05/21 18:01:45 [notice] 1#1: worker process 29 exited with code 0
2025/05/21 18:01:45 [notice] 1#1: worker process 30 exited with code 0
2025/05/21 18:01:45 [notice] 1#1: worker process 31 exited with code 0
2025/05/21 18:01:45 [notice] 1#1: worker process 32 exited with code 0
2025/05/21 18:01:45 [notice] 1#1: worker process 33 exited with code 0
2025/05/21 18:01:45 [notice] 1#1: worker process 34 exited with code 0
2025/05/21 18:01:45 [notice] 1#1: signal 29 (SIGIO) received
2025/05/21 18:01:45 [notice] 1#1: signal 17 (SIGCHLD) received from 35
2025/05/21 18:01:45 [notice] 1#1: worker process 35 exited with code 0
2025/05/21 18:01:45 [notice] 1#1: exit
2025/05/21 18:01:46 [notice] 1#1: using the "epoll" event method
2025/05/21 18:01:46 [notice] 1#1: nginx/1.27.5
2025/05/21 18:01:46 [notice] 1#1: built by gcc 12.2.0 (Debian 12.2.0-14) 
2025/05/21 18:01:46 [notice] 1#1: OS: Linux 6.11.0-26-generic
2025/05/21 18:01:46 [notice] 1#1: getrlimit(RLIMIT_NOFILE): 1048576:1048576
2025/05/21 18:01:46 [notice] 1#1: start worker processes
2025/05/21 18:01:46 [notice] 1#1: start worker process 28
2025/05/21 18:01:46 [notice] 1#1: start worker process 29
2025/05/21 18:01:46 [notice] 1#1: start worker process 30
2025/05/21 18:01:46 [notice] 1#1: start worker process 31
2025/05/21 18:01:46 [notice] 1#1: start worker process 32
2025/05/21 18:01:46 [notice] 1#1: start worker process 33
2025/05/21 18:01:46 [notice] 1#1: start worker process 34
2025/05/21 18:01:46 [notice] 1#1: start worker process 35
2025/05/21 18:04:19 [notice] 1#1: signal 3 (SIGQUIT) received, shutting down
2025/05/21 18:04:19 [notice] 28#28: gracefully shutting down
2025/05/21 18:04:19 [notice] 29#29: gracefully shutting down
2025/05/21 18:04:19 [notice] 30#30: gracefully shutting down
2025/05/21 18:04:19 [notice] 29#29: exiting
2025/05/21 18:04:19 [notice] 30#30: exiting
2025/05/21 18:04:19 [notice] 28#28: exiting
2025/05/21 18:04:19 [notice] 32#32: gracefully shutting down
2025/05/21 18:04:19 [notice] 31#31: gracefully shutting down
2025/05/21 18:04:19 [notice] 33#33: gracefully shutting down
2025/05/21 18:04:19 [notice] 34#34: gracefully shutting down
2025/05/21 18:04:19 [notice] 32#32: exiting
2025/05/21 18:04:19 [notice] 31#31: exiting
2025/05/21 18:04:19 [notice] 33#33: exiting
2025/05/21 18:04:19 [notice] 34#34: exiting
2025/05/21 18:04:19 [notice] 35#35: gracefully shutting down
2025/05/21 18:04:19 [notice] 35#35: exiting
2025/05/21 18:04:19 [notice] 32#32: exit
2025/05/21 18:04:19 [notice] 28#28: exit
2025/05/21 18:04:19 [notice] 29#29: exit
2025/05/21 18:04:19 [notice] 33#33: exit
2025/05/21 18:04:19 [notice] 35#35: exit
2025/05/21 18:04:19 [notice] 34#34: exit
2025/05/21 18:04:19 [notice] 31#31: exit
2025/05/21 18:04:19 [notice] 30#30: exit
2025/05/21 18:04:19 [notice] 1#1: signal 17 (SIGCHLD) received from 33
2025/05/21 18:04:19 [notice] 1#1: worker process 30 exited with code 0
2025/05/21 18:04:19 [notice] 1#1: worker process 33 exited with code 0
2025/05/21 18:04:19 [notice] 1#1: signal 29 (SIGIO) received
2025/05/21 18:04:19 [notice] 1#1: signal 17 (SIGCHLD) received from 35
2025/05/21 18:04:19 [notice] 1#1: worker process 32 exited with code 0
2025/05/21 18:04:19 [notice] 1#1: worker process 29 exited with code 0
2025/05/21 18:04:19 [notice] 1#1: worker process 35 exited with code 0
2025/05/21 18:04:19 [notice] 1#1: signal 29 (SIGIO) received
2025/05/21 18:04:19 [notice] 1#1: signal 17 (SIGCHLD) received from 32
2025/05/21 18:04:19 [notice] 1#1: signal 17 (SIGCHLD) received from 28
2025/05/21 18:04:19 [notice] 1#1: worker process 28 exited with code 0
2025/05/21 18:04:19 [notice] 1#1: worker process 31 exited with code 0
2025/05/21 18:04:19 [notice] 1#1: signal 29 (SIGIO) received
2025/05/21 18:04:19 [notice] 1#1: signal 17 (SIGCHLD) received from 31
2025/05/21 18:04:19 [notice] 1#1: signal 17 (SIGCHLD) received from 34
2025/05/21 18:04:19 [notice] 1#1: worker process 34 exited with code 0
2025/05/21 18:04:19 [notice] 1#1: exit
2025/05/21 18:04:20 [notice] 1#1: using the "epoll" event method
2025/05/21 18:04:20 [notice] 1#1: nginx/1.27.5
2025/05/21 18:04:20 [notice] 1#1: built by gcc 12.2.0 (Debian 12.2.0-14) 
2025/05/21 18:04:20 [notice] 1#1: OS: Linux 6.11.0-26-generic
2025/05/21 18:04:20 [notice] 1#1: getrlimit(RLIMIT_NOFILE): 1048576:1048576
2025/05/21 18:04:20 [notice] 1#1: start worker processes
2025/05/21 18:04:20 [notice] 1#1: start worker process 29
2025/05/21 18:04:20 [notice] 1#1: start worker process 30
2025/05/21 18:04:20 [notice] 1#1: start worker process 31
2025/05/21 18:04:20 [notice] 1#1: start worker process 32
2025/05/21 18:04:20 [notice] 1#1: start worker process 33
2025/05/21 18:04:20 [notice] 1#1: start worker process 34
2025/05/21 18:04:20 [notice] 1#1: start worker process 35
2025/05/21 18:04:20 [notice] 1#1: start worker process 36
2025/05/21 18:05:38 [notice] 1#1: signal 3 (SIGQUIT) received, shutting down
2025/05/21 18:05:38 [notice] 29#29: gracefully shutting down
2025/05/21 18:05:38 [notice] 30#30: gracefully shutting down
2025/05/21 18:05:38 [notice] 33#33: gracefully shutting down
2025/05/21 18:05:38 [notice] 29#29: exiting
2025/05/21 18:05:38 [notice] 30#30: exiting
2025/05/21 18:05:38 [notice] 33#33: exiting
2025/05/21 18:05:38 [notice] 30#30: exit
2025/05/21 18:05:38 [notice] 33#33: exit
2025/05/21 18:05:38 [notice] 29#29: exit
2025/05/21 18:05:38 [notice] 31#31: gracefully shutting down
2025/05/21 18:05:38 [notice] 31#31: exiting
2025/05/21 18:05:38 [notice] 31#31: exit
2025/05/21 18:05:38 [notice] 32#32: gracefully shutting down
2025/05/21 18:05:38 [notice] 32#32: exiting
2025/05/21 18:05:38 [notice] 32#32: exit
2025/05/21 18:05:38 [notice] 34#34: gracefully shutting down
2025/05/21 18:05:38 [notice] 34#34: exiting
2025/05/21 18:05:38 [notice] 34#34: exit
2025/05/21 18:05:38 [notice] 35#35: gracefully shutting down
2025/05/21 18:05:38 [notice] 36#36: gracefully shutting down
2025/05/21 18:05:38 [notice] 35#35: exiting
2025/05/21 18:05:38 [notice] 36#36: exiting
2025/05/21 18:05:38 [notice] 35#35: exit
2025/05/21 18:05:38 [notice] 36#36: exit
2025/05/21 18:05:38 [notice] 1#1: signal 17 (SIGCHLD) received from 30
2025/05/21 18:05:38 [notice] 1#1: worker process 30 exited with code 0
2025/05/21 18:05:38 [notice] 1#1: signal 29 (SIGIO) received
2025/05/21 18:05:38 [notice] 1#1: signal 17 (SIGCHLD) received from 29
2025/05/21 18:05:38 [notice] 1#1: worker process 29 exited with code 0
2025/05/21 18:05:38 [notice] 1#1: worker process 31 exited with code 0
2025/05/21 18:05:38 [notice] 1#1: worker process 32 exited with code 0
2025/05/21 18:05:38 [notice] 1#1: worker process 33 exited with code 0
2025/05/21 18:05:38 [notice] 1#1: worker process 34 exited with code 0
2025/05/21 18:05:38 [notice] 1#1: worker process 35 exited with code 0
2025/05/21 18:05:38 [notice] 1#1: worker process 36 exited with code 0
2025/05/21 18:05:38 [notice] 1#1: exit
2025/05/21 18:05:39 [notice] 1#1: using the "epoll" event method
2025/05/21 18:05:39 [notice] 1#1: nginx/1.27.5
2025/05/21 18:05:39 [notice] 1#1: built by gcc 12.2.0 (Debian 12.2.0-14) 
2025/05/21 18:05:39 [notice] 1#1: OS: Linux 6.11.0-26-generic
2025/05/21 18:05:39 [notice] 1#1: getrlimit(RLIMIT_NOFILE): 1048576:1048576
2025/05/21 18:05:39 [notice] 1#1: start worker processes
2025/05/21 18:05:39 [notice] 1#1: start worker process 29
2025/05/21 18:05:39 [notice] 1#1: start worker process 30
2025/05/21 18:05:39 [notice] 1#1: start worker process 31
2025/05/21 18:05:39 [notice] 1#1: start worker process 32
2025/05/21 18:05:39 [notice] 1#1: start worker process 33
2025/05/21 18:05:39 [notice] 1#1: start worker process 34
2025/05/21 18:05:39 [notice] 1#1: start worker process 35
2025/05/21 18:05:39 [notice] 1#1: start worker process 36
2025/05/21 18:07:41 [error] 33#33: *2 directory index of "/usr/share/nginx/html/" is forbidden, client: 172.19.0.1, server: localhost, request: "GET / HTTP/1.1", host: "localhost:8080"
2025/05/21 18:07:42 [error] 33#33: *2 open() "/usr/share/nginx/html/favicon.ico" failed (2: No such file or directory), client: 172.19.0.1, server: localhost, request: "GET /favicon.ico HTTP/1.1", host: "localhost:8080", referrer: "http://localhost:8080/"
2025/05/21 18:07:45 [error] 33#33: *2 directory index of "/usr/share/nginx/html/" is forbidden, client: 172.19.0.1, server: localhost, request: "GET / HTTP/1.1", host: "localhost:8080"
2025/05/21 18:07:46 [error] 33#33: *2 directory index of "/usr/share/nginx/html/" is forbidden, client: 172.19.0.1, server: localhost, request: "GET / HTTP/1.1", host: "localhost:8080"
2025/05/21 18:07:46 [error] 33#33: *2 open() "/usr/share/nginx/html/favicon.ico" failed (2: No such file or directory), client: 172.19.0.1, server: localhost, request: "GET /favicon.ico HTTP/1.1", host: "localhost:8080", referrer: "http://localhost:8080/"
2025/05/21 18:07:46 [error] 33#33: *2 directory index of "/usr/share/nginx/html/" is forbidden, client: 172.19.0.1, server: localhost, request: "GET / HTTP/1.1", host: "localhost:8080"
2025/05/21 18:07:47 [error] 33#33: *2 open() "/usr/share/nginx/html/favicon.ico" failed (2: No such file or directory), client: 172.19.0.1, server: localhost, request: "GET /favicon.ico HTTP/1.1", host: "localhost:8080", referrer: "http://localhost:8080/"
2025/05/21 18:07:47 [error] 33#33: *2 directory index of "/usr/share/nginx/html/" is forbidden, client: 172.19.0.1, server: localhost, request: "GET / HTTP/1.1", host: "localhost:8080"
2025/05/21 18:07:47 [error] 33#33: *2 open() "/usr/share/nginx/html/favicon.ico" failed (2: No such file or directory), client: 172.19.0.1, server: localhost, request: "GET /favicon.ico HTTP/1.1", host: "localhost:8080", referrer: "http://localhost:8080/"
2025/05/21 18:07:47 [error] 30#30: *1 directory index of "/usr/share/nginx/html/" is forbidden, client: 172.19.0.1, server: localhost, request: "GET / HTTP/1.1", host: "localhost:8080"
2025/05/21 18:07:47 [error] 30#30: *1 open() "/usr/share/nginx/html/favicon.ico" failed (2: No such file or directory), client: 172.19.0.1, server: localhost, request: "GET /favicon.ico HTTP/1.1", host: "localhost:8080", referrer: "http://localhost:8080/"
2025/05/21 18:07:47 [error] 30#30: *1 directory index of "/usr/share/nginx/html/" is forbidden, client: 172.19.0.1, server: localhost, request: "GET / HTTP/1.1", host: "localhost:8080"
2025/05/21 18:07:48 [error] 30#30: *1 open() "/usr/share/nginx/html/favicon.ico" failed (2: No such file or directory), client: 172.19.0.1, server: localhost, request: "GET /favicon.ico HTTP/1.1", host: "localhost:8080", referrer: "http://localhost:8080/"
2025/05/21 18:07:51 [error] 30#30: *1 directory index of "/usr/share/nginx/html/" is forbidden, client: 172.19.0.1, server: localhost, request: "GET / HTTP/1.1", host: "localhost:8080"
2025/05/21 18:07:51 [error] 30#30: *1 open() "/usr/share/nginx/html/favicon.ico" failed (2: No such file or directory), client: 172.19.0.1, server: localhost, request: "GET /favicon.ico HTTP/1.1", host: "localhost:8080", referrer: "http://localhost:8080/"
2025/05/21 18:11:15 [notice] 1#1: signal 3 (SIGQUIT) received, shutting down
2025/05/21 18:11:15 [notice] 29#29: gracefully shutting down
2025/05/21 18:11:15 [notice] 31#31: gracefully shutting down
2025/05/21 18:11:15 [notice] 30#30: gracefully shutting down
2025/05/21 18:11:15 [notice] 33#33: gracefully shutting down
2025/05/21 18:11:15 [notice] 29#29: exiting
2025/05/21 18:11:15 [notice] 31#31: exiting
2025/05/21 18:11:15 [notice] 30#30: exiting
2025/05/21 18:11:15 [notice] 33#33: exiting
2025/05/21 18:11:15 [notice] 30#30: exit
2025/05/21 18:11:15 [notice] 33#33: exit
2025/05/21 18:11:15 [notice] 31#31: exit
2025/05/21 18:11:15 [notice] 29#29: exit
2025/05/21 18:11:15 [notice] 32#32: gracefully shutting down
2025/05/21 18:11:15 [notice] 32#32: exiting
2025/05/21 18:11:15 [notice] 32#32: exit
2025/05/21 18:11:15 [notice] 35#35: gracefully shutting down
2025/05/21 18:11:15 [notice] 34#34: gracefully shutting down
2025/05/21 18:11:15 [notice] 35#35: exiting
2025/05/21 18:11:15 [notice] 34#34: exiting
2025/05/21 18:11:15 [notice] 35#35: exit
2025/05/21 18:11:15 [notice] 34#34: exit
2025/05/21 18:11:15 [notice] 36#36: gracefully shutting down
2025/05/21 18:11:15 [notice] 36#36: exiting
2025/05/21 18:11:15 [notice] 36#36: exit
2025/05/21 18:11:15 [notice] 1#1: signal 17 (SIGCHLD) received from 33
2025/05/21 18:11:15 [notice] 1#1: worker process 31 exited with code 0
2025/05/21 18:11:15 [notice] 1#1: worker process 33 exited with code 0
2025/05/21 18:11:15 [notice] 1#1: worker process 35 exited with code 0
2025/05/21 18:11:15 [notice] 1#1: signal 29 (SIGIO) received
2025/05/21 18:11:15 [notice] 1#1: signal 17 (SIGCHLD) received from 36
2025/05/21 18:11:15 [notice] 1#1: worker process 36 exited with code 0
2025/05/21 18:11:15 [notice] 1#1: worker process 34 exited with code 0
2025/05/21 18:11:15 [notice] 1#1: signal 29 (SIGIO) received
2025/05/21 18:11:15 [notice] 1#1: signal 17 (SIGCHLD) received from 34
2025/05/21 18:11:15 [notice] 1#1: worker process 30 exited with code 0
2025/05/21 18:11:15 [notice] 1#1: signal 29 (SIGIO) received
2025/05/21 18:11:15 [notice] 1#1: signal 17 (SIGCHLD) received from 30
2025/05/21 18:11:15 [notice] 1#1: signal 17 (SIGCHLD) received from 32
2025/05/21 18:11:15 [notice] 1#1: worker process 32 exited with code 0
2025/05/21 18:11:15 [notice] 1#1: signal 29 (SIGIO) received
2025/05/21 18:11:15 [notice] 1#1: signal 17 (SIGCHLD) received from 29
2025/05/21 18:11:15 [notice] 1#1: worker process 29 exited with code 0
2025/05/21 18:11:15 [notice] 1#1: exit
2025/05/21 18:11:18 [notice] 1#1: using the "epoll" event method
2025/05/21 18:11:18 [notice] 1#1: nginx/1.27.5
2025/05/21 18:11:18 [notice] 1#1: built by gcc 12.2.0 (Debian 12.2.0-14) 
2025/05/21 18:11:18 [notice] 1#1: OS: Linux 6.11.0-26-generic
2025/05/21 18:11:18 [notice] 1#1: getrlimit(RLIMIT_NOFILE): 1048576:1048576
2025/05/21 18:11:18 [notice] 1#1: start worker processes
2025/05/21 18:11:18 [notice] 1#1: start worker process 28
2025/05/21 18:11:18 [notice] 1#1: start worker process 29
2025/05/21 18:11:18 [notice] 1#1: start worker process 30
2025/05/21 18:11:18 [notice] 1#1: start worker process 31
2025/05/21 18:11:18 [notice] 1#1: start worker process 32
2025/05/21 18:11:18 [notice] 1#1: start worker process 33
2025/05/21 18:11:18 [notice] 1#1: start worker process 34
2025/05/21 18:11:18 [notice] 1#1: start worker process 35
